
处理进度: 1/1
==================================================
当前处理能力项: 战场侦察监视能力 - 对战场目标侦察监视能力 - 对陆上目标侦察监视能力
==================================================
是
否
合并结果：扫雷编队能够进行12小时内扫除水雷成功率不低于95%，并开辟五个航道

解析：
1. 时间指标：12小时（比48小时更严格，取最小值）
2. 成功率指标：95%（比90%更严格，取最大值）
3. 新增指标：开辟五个航道（直接拼接）
4. 保留"建设反水雷力量的扫雷编队"作为背景描述

合并结果:
扫雷编队能够进行12小时内扫除水雷成功率不低于95%，并开辟五个航道

解析：
1. 时间指标：12小时（比48小时更严格，取最小值）
2. 成功率指标：95%（比90%更严格，取最大值）
3. 新增指标：开辟五个航道（直接拼接）
4. 保留"建设反水雷力量的扫雷编队"作为背景描述
原始内容:
- 扫雷编队能够进行12小时内90%的扫除率
- 建设反水雷力量的扫雷编队，在48h内开辟五个航道，扫除水雷成功率不低于95%
--------------------------------------------------

*****请输入反馈（直接回车继续，输入内容则重新合并）：

合并结果:
依托破障快艇清楚障碍，5小时内完成8~12条通道的打通工作
原始内容:
- 依托破障快艇清楚障碍，5小时内完成8~12条通道的打通工作
--------------------------------------------------

需求合并完成，结果已保存至 data/output/MergedData.json

正在生成最终需求报告...
最终需求报告已保存至 data/output/FinalReport.txt
