
处理进度: 1/1
==================================================
当前处理能力项: 战场侦察监视能力 - 对战场目标侦察监视能力 - 对陆上目标侦察监视能力
==================================================
是
否
合并结果：扫雷编队能够在12小时内完成扫除任务，扫除水雷成功率不低于95%，并需在48小时内开辟五个航道

合并结果:
扫雷编队能够在12小时内完成扫除任务，扫除水雷成功率不低于95%，并需在48小时内开辟五个航道
原始内容:
- 扫雷编队能够进行12小时内90%的扫除率
- 建设反水雷力量的扫雷编队，在48h内开辟五个航道，扫除水雷成功率不低于95%
--------------------------------------------------

*****请输入反馈（直接回车继续，输入内容则重新合并）：

合并结果:
依托破障快艇清楚障碍，5小时内完成8~12条通道的打通工作
原始内容:
- 依托破障快艇清楚障碍，5小时内完成8~12条通道的打通工作
--------------------------------------------------

需求合并完成，结果已保存至 data/output/MergedData.json

正在生成最终需求报告...
最终需求报告已保存至 data/output/FinalReport.txt
